<?xml version="1.0" encoding="UTF-8" ?>
<testsuites>
  <testsuite errors="0" failures="0" hostname="AramAslanyan-PC" id="0" name="PostControllerSpec" package="com.webbfontaine.hubbub" tests="5" time="5.659" timestamp="2014-07-04T13:29:13">
      <properties />

      <testcase classname="com.webbfontaine.hubbub.PostControllerSpec" name="Get a users timeline given their id" time="4.651" />

      <testcase classname="com.webbfontaine.hubbub.PostControllerSpec" name="Check that non-existent users are handled with an error" time="0.154" />

      <testcase classname="com.webbfontaine.hubbub.PostControllerSpec" name="Adding a valid new post to the timeline" time="0.566" />

      <testcase classname="com.webbfontaine.hubbub.PostControllerSpec" name="Testing id of joe_cool redirects to /post/timeline/joe_cool" time="0.125" />

      <testcase classname="com.webbfontaine.hubbub.PostControllerSpec" name="Testing id of null redirects to /post/timeline/chuck_norris" time="0.11" />

      <system-out><![CDATA[--Output from Get a users timeline given their id--
--Output from Check that non-existent users are handled with an error--
--Output from Adding a valid new post to the timeline--
--Output from Testing id of joe_cool redirects to /post/timeline/joe_cool--
--Output from Testing id of null redirects to /post/timeline/chuck_norris--
]]></system-out>

      <system-err><![CDATA[--Output from Get a users timeline given their id--
--Output from Check that non-existent users are handled with an error--
--Output from Adding a valid new post to the timeline--
--Output from Testing id of joe_cool redirects to /post/timeline/joe_cool--
--Output from Testing id of null redirects to /post/timeline/chuck_norris--
]]></system-err>

  </testsuite>
</testsuites>
